Projectlivrable/app/build/intermediates/manifest_merge_blame_file/debug/manifest-merger-blame-debug-report.txt
1<?xml version="1.0" encoding="utf-8"?>
2<manifest xmlns:android="http://schemas.android.com/apk/res/android"
3    package="com.example.project_livrable"
4    android:versionCode="1"
5    android:versionName="1.0" >
6
7    <uses-sdk
8        android:minSdkVersion="21"
8-->src/main/AndroidManifest.xml
9        android:targetSdkVersion="31" />
9-->src/main/AndroidManifest.xml
10
11    <!-- Although the *SdkVersion is captured in gradle build files, this is required for non gradle builds -->
12    <!-- <uses-sdk android:minSdkVersion="14"/> -->
13    <uses-permission android:name="android.permission.ACCESS_NETWORK_STATE" />
13-->[com.google.firebase:firebase-database:20.0.2] AndroidManifest.xml:25:5-79
13-->[com.google.firebase:firebase-database:20.0.2] AndroidManifest.xml:25:22-76
14    <uses-permission android:name="android.permission.INTERNET" />
14-->[com.google.firebase:firebase-database:20.0.2] AndroidManifest.xml:26:5-67
14-->[com.google.firebase:firebase-database:20.0.2] AndroidManifest.xml:26:22-64
15
16    <application
16-->src/main/AndroidManifest.xml:5:5-42:19
17        android:allowBackup="true"
17-->src/main/AndroidManifest.xml:6:9-35
18        android:appComponentFactory="androidx.core.app.CoreComponentFactory"
18-->[androidx.core:core:1.7.0] AndroidManifest.xml:24:18-86
19        android:debuggable="true"
20        android:icon="@mipmap/ic_launcher"
20-->src/main/AndroidManifest.xml:7:9-43
21        android:label="@string/app_name"
21-->src/main/AndroidManifest.xml:8:9-41
22        android:roundIcon="@mipmap/ic_launcher_round"
22-->src/main/AndroidManifest.xml:9:9-54
23        android:supportsRtl="true"
23-->src/main/AndroidManifest.xml:10:9-35
24        android:testOnly="true"
25        android:theme="@style/Theme.Projectlivrable" >
25-->src/main/AndroidManifest.xml:11:9-53
26        <activity
26-->src/main/AndroidManifest.xml:12:9-14:39
27            android:name="com.example.project_livrable.ServicesDisplay"
27-->src/main/AndroidManifest.xml:13:13-44
28            android:exported="true" />
28-->src/main/AndroidManifest.xml:14:13-36
29        <activity
29-->src/main/AndroidManifest.xml:15:9-17:39
30            android:name="com.example.project_livrable.EmployeeAdminActivity"
30-->src/main/AndroidManifest.xml:16:13-50
31            android:exported="true" />
31-->src/main/AndroidManifest.xml:17:13-36
32        <activity
32-->src/main/AndroidManifest.xml:18:9-20:39
33            android:name="com.example.project_livrable.ServiceEditor"
33-->src/main/AndroidManifest.xml:19:13-42
34            android:exported="true" />
34-->src/main/AndroidManifest.xml:20:13-36
35        <activity
35-->src/main/AndroidManifest.xml:21:9-23:39
36            android:name="com.example.project_livrable.SuccAdminActivity"
36-->src/main/AndroidManifest.xml:22:13-46
37            android:exported="true" />
37-->src/main/AndroidManifest.xml:23:13-36
38        <activity
38-->src/main/AndroidManifest.xml:24:9-26:39
39            android:name="com.example.project_livrable.AdminInterface"
39-->src/main/AndroidManifest.xml:25:13-43
40            android:exported="true" />
40-->src/main/AndroidManifest.xml:26:13-36
41        <activity
41-->src/main/AndroidManifest.xml:27:9-29:39
42            android:name="com.example.project_livrable.RegisterActivity"
42-->src/main/AndroidManifest.xml:28:13-45
43            android:exported="true" />
43-->src/main/AndroidManifest.xml:29:13-36
44        <activity
44-->src/main/AndroidManifest.xml:30:9-32:39
45            android:name="com.example.project_livrable.WelcomePage"
45-->src/main/AndroidManifest.xml:31:13-40
46            android:exported="true" />
46-->src/main/AndroidManifest.xml:32:13-36
47        <activity
47-->src/main/AndroidManifest.xml:33:9-41:20
48            android:name="com.example.project_livrable.MainActivity"
48-->src/main/AndroidManifest.xml:34:13-41
49            android:exported="true" >
49-->src/main/AndroidManifest.xml:35:13-36
50            <intent-filter>
50-->src/main/AndroidManifest.xml:36:13-40:29
51                <action android:name="android.intent.action.MAIN" />
51-->src/main/AndroidManifest.xml:37:17-69
51-->src/main/AndroidManifest.xml:37:25-66
52
53                <category android:name="android.intent.category.LAUNCHER" />
53-->src/main/AndroidManifest.xml:39:17-77
53-->src/main/AndroidManifest.xml:39:27-74
54            </intent-filter>
55        </activity>
56
57        <service
57-->[com.google.firebase:firebase-database:20.0.2] AndroidManifest.xml:29:9-35:19
58            android:name="com.google.firebase.components.ComponentDiscoveryService"
58-->[com.google.firebase:firebase-database:20.0.2] AndroidManifest.xml:30:13-84
59            android:directBootAware="true"
59-->[com.google.firebase:firebase-common:20.0.0] AndroidManifest.xml:35:13-43
60            android:exported="false" >
60-->[com.google.firebase:firebase-database:20.0.2] AndroidManifest.xml:31:13-37
61            <meta-data
61-->[com.google.firebase:firebase-database:20.0.2] AndroidManifest.xml:32:13-34:85
62                android:name="com.google.firebase.components:com.google.firebase.database.DatabaseRegistrar"
62-->[com.google.firebase:firebase-database:20.0.2] AndroidManifest.xml:33:17-109
63                android:value="com.google.firebase.components.ComponentRegistrar" />
63-->[com.google.firebase:firebase-database:20.0.2] AndroidManifest.xml:34:17-82
64        </service>
65
66        <provider
66-->[com.google.firebase:firebase-common:20.0.0] AndroidManifest.xml:26:9-31:39
67            android:name="com.google.firebase.provider.FirebaseInitProvider"
67-->[com.google.firebase:firebase-common:20.0.0] AndroidManifest.xml:27:13-77
68            android:authorities="com.example.project_livrable.firebaseinitprovider"
68-->[com.google.firebase:firebase-common:20.0.0] AndroidManifest.xml:28:13-72
69            android:directBootAware="true"
69-->[com.google.firebase:firebase-common:20.0.0] AndroidManifest.xml:29:13-43
70            android:exported="false"
70-->[com.google.firebase:firebase-common:20.0.0] AndroidManifest.xml:30:13-37
71            android:initOrder="100" />
71-->[com.google.firebase:firebase-common:20.0.0] AndroidManifest.xml:31:13-36
72
73        <activity
73-->[com.google.android.gms:play-services-base:17.1.0] AndroidManifest.xml:23:9-26:75
74            android:name="com.google.android.gms.common.api.GoogleApiActivity"
74-->[com.google.android.gms:play-services-base:17.1.0] AndroidManifest.xml:24:13-79
75            android:exported="false"
75-->[com.google.android.gms:play-services-base:17.1.0] AndroidManifest.xml:25:13-37
76            android:theme="@android:style/Theme.Translucent.NoTitleBar" />
76-->[com.google.android.gms:play-services-base:17.1.0] AndroidManifest.xml:26:13-72
77
78        <meta-data
78-->[com.google.android.gms:play-services-basement:17.0.0] AndroidManifest.xml:23:9-25:69
79            android:name="com.google.android.gms.version"
79-->[com.google.android.gms:play-services-basement:17.0.0] AndroidManifest.xml:24:13-58
80            android:value="@integer/google_play_services_version" />
80-->[com.google.android.gms:play-services-basement:17.0.0] AndroidManifest.xml:25:13-66
81
82        <provider
82-->[androidx.emoji2:emoji2:1.0.0] AndroidManifest.xml:26:9-34:20
83            android:name="androidx.startup.InitializationProvider"
83-->[androidx.emoji2:emoji2:1.0.0] AndroidManifest.xml:27:13-67
84            android:authorities="com.example.project_livrable.androidx-startup"
84-->[androidx.emoji2:emoji2:1.0.0] AndroidManifest.xml:28:13-68
85            android:exported="false" >
85-->[androidx.emoji2:emoji2:1.0.0] AndroidManifest.xml:29:13-37
86            <meta-data
86-->[androidx.emoji2:emoji2:1.0.0] AndroidManifest.xml:31:13-33:52
87                android:name="androidx.emoji2.text.EmojiCompatInitializer"
87-->[androidx.emoji2:emoji2:1.0.0] AndroidManifest.xml:32:17-75
88                android:value="androidx.startup" />
88-->[androidx.emoji2:emoji2:1.0.0] AndroidManifest.xml:33:17-49
89            <meta-data
89-->[androidx.lifecycle:lifecycle-process:2.4.0] AndroidManifest.xml:31:13-33:52
90                android:name="androidx.lifecycle.ProcessLifecycleInitializer"
90-->[androidx.lifecycle:lifecycle-process:2.4.0] AndroidManifest.xml:32:17-78
91                android:value="androidx.startup" />
91-->[androidx.lifecycle:lifecycle-process:2.4.0] AndroidManifest.xml:33:17-49
92        </provider>
93    </application>
94
95</manifest>